#-----------------------------------------------------------
# Vivado v2018.3 (64-bit)
# SW Build 2405991 on Thu Dec  6 23:38:27 MST 2018
# IP Build 2404404 on Fri Dec  7 01:43:56 MST 2018
# Start of session at: Tue Oct 18 14:28:56 2022
# Process ID: 12076
# Current directory: F:/arch/exp2/Exp2
# Command line: vivado.exe -gui_launcher_event rodinguilauncherevent15980 F:\arch\exp2\Exp2\Exp2.xpr
# Log file: F:/arch/exp2/Exp2/vivado.log
# Journal file: F:/arch/exp2/Exp2\vivado.jou
#-----------------------------------------------------------
start_gui
open_project F:/arch/exp2/Exp2/Exp2.xpr
Scanning sources...
Finished scanning sources
INFO: [IP_Flow 19-234] Refreshing IP repositories
INFO: [IP_Flow 19-1704] No user IP repositories specified
INFO: [IP_Flow 19-2313] Loaded Vivado IP repository 'E:/vivado/Vivado/2018.3/data/ip'.
open_project: Time (s): cpu = 00:00:14 ; elapsed = 00:00:08 . Memory (MB): peak = 806.418 ; gain = 190.172
update_compile_order -fileset sources_1
exit
INFO: [Common 17-206] Exiting Vivado at Tue Oct 18 15:55:41 2022...
