#-----------------------------------------------------------
# Vivado v2018.3 (64-bit)
# SW Build 2405991 on Thu Dec  6 23:38:27 MST 2018
# IP Build 2404404 on Fri Dec  7 01:43:56 MST 2018
# Start of session at: Mon Feb 27 14:41:16 2023
# Process ID: 1428
# Current directory: F:/arch/exp5/Exp5
# Command line: vivado.exe -gui_launcher_event rodinguilauncherevent4228 F:\arch\exp5\Exp5\Exp5.xpr
# Log file: F:/arch/exp5/Exp5/vivado.log
# Journal file: F:/arch/exp5/Exp5\vivado.jou
#-----------------------------------------------------------
start_gui
open_project F:/arch/exp5/Exp5/Exp5.xpr
INFO: [Project 1-313] Project file moved from 'C:/Users/Zonghui Wang/Desktop/risc v/Code4Stu/Exp5' since last save.
Scanning sources...
Finished scanning sources
INFO: [IP_Flow 19-234] Refreshing IP repositories
INFO: [IP_Flow 19-1704] No user IP repositories specified
INFO: [IP_Flow 19-2313] Loaded Vivado IP repository 'E:/vivado/Vivado/2018.3/data/ip'.
WARNING: [IP_Flow 19-2162] IP 'divider' is locked:
* IP definition 'Divider Generator (5.1)' for IP 'divider' (customized with software release 2018.2) has a different revision in the IP Catalog.
Please select 'Report IP Status' from the 'Tools/Report' menu or run Tcl command 'report_ip_status' for more information.
INFO: [Project 1-230] Project 'Exp5.xpr' upgraded for this version of Vivado.
open_project: Time (s): cpu = 00:00:12 ; elapsed = 00:00:07 . Memory (MB): peak = 800.449 ; gain = 156.270
update_compile_order -fileset sources_1
update_compile_order -fileset sources_1
generate_target Simulation [get_files F:/arch/exp5/Exp5/Exp5.srcs/sources_1/ip/multiplier/multiplier.xci]
INFO: [IP_Flow 19-1686] Generating 'Simulation' target for IP 'multiplier'...
export_ip_user_files -of_objects [get_files F:/arch/exp5/Exp5/Exp5.srcs/sources_1/ip/multiplier/multiplier.xci] -no_script -sync -force -quiet
export_simulation -of_objects [get_files F:/arch/exp5/Exp5/Exp5.srcs/sources_1/ip/multiplier/multiplier.xci] -directory F:/arch/exp5/Exp5/Exp5.ip_user_files/sim_scripts -ip_user_files_dir F:/arch/exp5/Exp5/Exp5.ip_user_files -ipstatic_source_dir F:/arch/exp5/Exp5/Exp5.ip_user_files/ipstatic -lib_map_path [list {modelsim=F:/arch/exp5/Exp5/Exp5.cache/compile_simlib/modelsim} {questa=F:/arch/exp5/Exp5/Exp5.cache/compile_simlib/questa} {riviera=F:/arch/exp5/Exp5/Exp5.cache/compile_simlib/riviera} {activehdl=F:/arch/exp5/Exp5/Exp5.cache/compile_simlib/activehdl}] -use_ip_compiled_libs -force -quiet
launch_simulation
INFO: [Vivado 12-5698] Checking validity of IPs in the design for the 'XSim' simulator...
INFO: [Vivado 12-5682] Launching behavioral simulation in 'F:/arch/exp5/Exp5/Exp5.sim/sim_1/behav/xsim'
INFO: [Vivado 12-4795] Using compiled simulation libraries for IPs
INFO: [SIM-utils-51] Simulation object is 'sim_1'
INFO: [USF-XSim-7] Finding pre-compiled libraries...
INFO: [USF-XSim-11] File 'E:/vivado/Vivado/2018.3/data/xsim/xsim.ini' copied to run dir:'F:/arch/exp5/Exp5/Exp5.sim/sim_1/behav/xsim'
INFO: [SIM-utils-54] Inspecting design source files for 'core_sim' in fileset 'sim_1'...
INFO: [USF-XSim-97] Finding global include files...
INFO: [USF-XSim-98] Fetching design files from 'sim_1'...
INFO: [USF-XSim-2] XSim::Compile design
INFO: [USF-XSim-61] Executing 'COMPILE and ANALYZE' step in 'F:/arch/exp5/Exp5/Exp5.sim/sim_1/behav/xsim'
"xvlog --incr --relax -prj core_sim_vlog.prj"
INFO: [VRFC 10-2263] Analyzing Verilog file "F:/arch/exp5/Exp5/code/core/CtrlUnit.v" into library xil_defaultlib
INFO: [VRFC 10-311] analyzing module CtrlUnit
INFO: [VRFC 10-2263] Analyzing Verilog file "F:/arch/exp5/Exp5/code/core/FU_ALU.v" into library xil_defaultlib
INFO: [VRFC 10-311] analyzing module FU_ALU
INFO: [VRFC 10-2263] Analyzing Verilog file "F:/arch/exp5/Exp5/code/core/FU_div.v" into library xil_defaultlib
INFO: [VRFC 10-311] analyzing module FU_div
INFO: [VRFC 10-2263] Analyzing Verilog file "F:/arch/exp5/Exp5/code/core/FU_jump.v" into library xil_defaultlib
INFO: [VRFC 10-311] analyzing module FU_jump
INFO: [VRFC 10-2263] Analyzing Verilog file "F:/arch/exp5/Exp5/code/core/FU_mem.v" into library xil_defaultlib
INFO: [VRFC 10-311] analyzing module FU_mem
INFO: [VRFC 10-2263] Analyzing Verilog file "F:/arch/exp5/Exp5/code/core/FU_mul.v" into library xil_defaultlib
INFO: [VRFC 10-311] analyzing module FU_mul
INFO: [VRFC 10-2263] Analyzing Verilog file "F:/arch/exp5/Exp5/code/core/ImmGen.v" into library xil_defaultlib
INFO: [VRFC 10-311] analyzing module ImmGen
INFO: [VRFC 10-2263] Analyzing Verilog file "F:/arch/exp5/Exp5/code/common/MUX2T1_32.v" into library xil_defaultlib
INFO: [VRFC 10-311] analyzing module MUX2T1_32
INFO: [VRFC 10-2263] Analyzing Verilog file "F:/arch/exp5/Exp5/code/common/MUX8T1_32.v" into library xil_defaultlib
INFO: [VRFC 10-311] analyzing module MUX8T1_32
INFO: [VRFC 10-2263] Analyzing Verilog file "F:/arch/exp5/Exp5/code/core/RAM_B.v" into library xil_defaultlib
INFO: [VRFC 10-311] analyzing module RAM_B
INFO: [VRFC 10-2263] Analyzing Verilog file "F:/arch/exp5/Exp5/code/common/REG32.v" into library xil_defaultlib
INFO: [VRFC 10-311] analyzing module REG32
INFO: [VRFC 10-2263] Analyzing Verilog file "F:/arch/exp5/Exp5/code/core/REG_ID.v" into library xil_defaultlib
INFO: [VRFC 10-311] analyzing module REG_ID
INFO: [VRFC 10-2263] Analyzing Verilog file "F:/arch/exp5/Exp5/code/core/ROM_D.v" into library xil_defaultlib
INFO: [VRFC 10-311] analyzing module ROM_D
INFO: [VRFC 10-2263] Analyzing Verilog file "F:/arch/exp5/Exp5/code/core/RV32core.v" into library xil_defaultlib
INFO: [VRFC 10-311] analyzing module RV32core
INFO: [VRFC 10-2263] Analyzing Verilog file "F:/arch/exp5/Exp5/code/core/Regs.v" into library xil_defaultlib
INFO: [VRFC 10-311] analyzing module Regs
INFO: [VRFC 10-2263] Analyzing Verilog file "F:/arch/exp5/Exp5/code/common/add_32.v" into library xil_defaultlib
INFO: [VRFC 10-311] analyzing module add_32
INFO: [VRFC 10-2263] Analyzing Verilog file "F:/arch/exp5/Exp5/code/common/cmp_32.v" into library xil_defaultlib
INFO: [VRFC 10-311] analyzing module cmp_32
INFO: [VRFC 10-2263] Analyzing Verilog file "F:/arch/exp5/Exp5/code/auxillary/debug_clk.v" into library xil_defaultlib
INFO: [VRFC 10-311] analyzing module debug_clk
INFO: [VRFC 10-2263] Analyzing Verilog file "F:/arch/exp5/Exp5/code/sim/core_sim.v" into library xil_defaultlib
INFO: [VRFC 10-311] analyzing module core_sim
INFO: [VRFC 10-2263] Analyzing Verilog file "F:/arch/exp5/Exp5/Exp5.sim/sim_1/behav/xsim/glbl.v" into library xil_defaultlib
INFO: [VRFC 10-311] analyzing module glbl
"xvhdl --incr --relax -prj core_sim_vhdl.prj"
INFO: [VRFC 10-163] Analyzing VHDL file "F:/arch/exp5/Exp5/Exp5.ip_user_files/ipstatic/hdl/xbip_utils_v3_0_vh_rfs.vhd" into library xbip_utils_v3_0_9
INFO: [VRFC 10-163] Analyzing VHDL file "F:/arch/exp5/Exp5/Exp5.ip_user_files/ipstatic/hdl/axi_utils_v2_0_vh_rfs.vhd" into library axi_utils_v2_0_5
INFO: [VRFC 10-3107] analyzing entity 'glb_srl_fifo'
INFO: [VRFC 10-3107] analyzing entity 'glb_ifx_slave'
INFO: [VRFC 10-3107] analyzing entity 'glb_ifx_master'
INFO: [VRFC 10-3107] analyzing entity 'axi_slave_2to1'
INFO: [VRFC 10-3107] analyzing entity 'axi_slave_3to1'
INFO: [VRFC 10-3107] analyzing entity 'axi_slave_4to1'
INFO: [VRFC 10-163] Analyzing VHDL file "F:/arch/exp5/Exp5/Exp5.ip_user_files/ipstatic/hdl/xbip_pipe_v3_0_vh_rfs.vhd" into library xbip_pipe_v3_0_5
INFO: [VRFC 10-3107] analyzing entity 'xbip_pipe_v3_0_5_viv'
INFO: [VRFC 10-3107] analyzing entity 'xbip_pipe_v3_0_5'
INFO: [VRFC 10-163] Analyzing VHDL file "F:/arch/exp5/Exp5/Exp5.ip_user_files/ipstatic/hdl/xbip_dsp48_wrapper_v3_0_vh_rfs.vhd" into library xbip_dsp48_wrapper_v3_0_4
INFO: [VRFC 10-3107] analyzing entity 'xbip_dsp48a_wrapper_v3_0'
INFO: [VRFC 10-3107] analyzing entity 'xbip_dsp48a1_wrapper_v3_0'
INFO: [VRFC 10-3107] analyzing entity 'xbip_dsp48e_wrapper_v3_0'
INFO: [VRFC 10-3107] analyzing entity 'xbip_dsp48e1_wrapper_v3_0'
INFO: [VRFC 10-3107] analyzing entity 'xbip_dsp48e2_wrapper_v3_0'
INFO: [VRFC 10-3107] analyzing entity 'xbip_dsp48_wrapper_v3_0_4'
INFO: [VRFC 10-163] Analyzing VHDL file "F:/arch/exp5/Exp5/Exp5.ip_user_files/ipstatic/hdl/xbip_dsp48_addsub_v3_0_vh_rfs.vhd" into library xbip_dsp48_addsub_v3_0_5
INFO: [VRFC 10-3107] analyzing entity 'xbip_dsp48_addsub_rtl'
INFO: [VRFC 10-3107] analyzing entity 'xbip_dsp48_addsub_synth'
INFO: [VRFC 10-3107] analyzing entity 'xbip_dsp48_addsub_v3_0_5_viv'
INFO: [VRFC 10-3107] analyzing entity 'xbip_dsp48_addsub_v3_0_5'
INFO: [VRFC 10-163] Analyzing VHDL file "F:/arch/exp5/Exp5/Exp5.ip_user_files/ipstatic/hdl/xbip_bram18k_v3_0_vh_rfs.vhd" into library xbip_bram18k_v3_0_5
INFO: [VRFC 10-3107] analyzing entity 'xbip_bram18k_synth'
INFO: [VRFC 10-3107] analyzing entity 'xbip_bram18k_rtl'
INFO: [VRFC 10-3107] analyzing entity 'xbip_bram18k_v3_0_5_viv'
INFO: [VRFC 10-3107] analyzing entity 'xbip_bram18k_v3_0_5'
INFO: [VRFC 10-163] Analyzing VHDL file "F:/arch/exp5/Exp5/Exp5.ip_user_files/ipstatic/hdl/mult_gen_v12_0_vh_rfs.vhd" into library mult_gen_v12_0_14
INFO: [VRFC 10-3107] analyzing entity 'op_resize'
INFO: [VRFC 10-3107] analyzing entity 'delay_line'
INFO: [VRFC 10-3107] analyzing entity 'cc_compare'
INFO: [VRFC 10-3107] analyzing entity 'luts'
INFO: [VRFC 10-3107] analyzing entity 'mult18'
INFO: [VRFC 10-3107] analyzing entity 'dsp'
INFO: [VRFC 10-3107] analyzing entity 'hybrid'
INFO: [VRFC 10-3107] analyzing entity 'ccm_dist_mem'
INFO: [VRFC 10-3107] analyzing entity 'ccm_sp_block_mem'
INFO: [VRFC 10-3107] analyzing entity 'ccm_dp_block_mem'
INFO: [VRFC 10-3107] analyzing entity 'ccm_syncmem'
INFO: [VRFC 10-3107] analyzing entity 'ccm_scaled_adder'
INFO: [VRFC 10-3107] analyzing entity 'ccm_operation'
INFO: [VRFC 10-3107] analyzing entity 'ccm'
INFO: [VRFC 10-3107] analyzing entity 'three_input_adder'
INFO: [VRFC 10-3107] analyzing entity 'multmxn_lut6'
INFO: [VRFC 10-3107] analyzing entity 'mult_gen_v12_0_14_viv'
INFO: [VRFC 10-3107] analyzing entity 'mult_gen_v12_0_14'
INFO: [VRFC 10-163] Analyzing VHDL file "F:/arch/exp5/Exp5/Exp5.ip_user_files/ipstatic/hdl/floating_point_v7_0_vh_rfs.vhd" into library floating_point_v7_0_15
INFO: [VRFC 10-3107] analyzing entity 'fdgS'
INFO: [VRFC 10-3107] analyzing entity 'fdgW'
INFO: [VRFC 10-3107] analyzing entity 'lutV'
INFO: [VRFC 10-3107] analyzing entity 'lutS'
INFO: [VRFC 10-3107] analyzing entity 'lutN'
INFO: [VRFC 10-3107] analyzing entity 'lutNMuxS'
INFO: [VRFC 10-3107] analyzing entity 'srl16eS'
INFO: [VRFC 10-3107] analyzing entity 'delayS'
INFO: [VRFC 10-3107] analyzing entity 'andW'
INFO: [VRFC 10-3107] analyzing entity 'orW'
INFO: [VRFC 10-3107] analyzing entity 'srl16ew'
INFO: [VRFC 10-3107] analyzing entity 'delayW'
INFO: [VRFC 10-3107] analyzing entity 'compW'
INFO: [VRFC 10-3107] analyzing entity 'addSubW'
INFO: [VRFC 10-3107] analyzing entity 'equalW'
INFO: [VRFC 10-3107] analyzing entity 'addW'
INFO: [VRFC 10-3107] analyzing entity 'mult18'
INFO: [VRFC 10-3107] analyzing entity 'cntrlgen'
INFO: [VRFC 10-3107] analyzing entity 'cntrlgen2'
INFO: [VRFC 10-3107] analyzing entity 'ppGenR8'
INFO: [VRFC 10-3107] analyzing entity 'ppGenR8Msb2'
INFO: [VRFC 10-3107] analyzing entity 'addSubShGW'
INFO: [VRFC 10-3107] analyzing entity 'addSubShFW'
INFO: [VRFC 10-3107] analyzing entity 'vmRoundW'
INFO: [VRFC 10-3107] analyzing entity 'vmsMultCore'
INFO: [VRFC 10-3107] analyzing entity 'wideEmbedMult4'
INFO: [VRFC 10-3107] analyzing entity 'wideEmbedMult16'
INFO: [VRFC 10-3107] analyzing entity 'wideEmbedMult'
INFO: [VRFC 10-3107] analyzing entity 'dsp48MultALine'
INFO: [VRFC 10-3107] analyzing entity 'dsp48Mult'
INFO: [VRFC 10-3107] analyzing entity 'xMult'
INFO: [VRFC 10-3107] analyzing entity 'delay'
INFO: [VRFC 10-3107] analyzing entity 'delay_s'
INFO: [VRFC 10-3107] analyzing entity 'mux_bus2'
INFO: [VRFC 10-3107] analyzing entity 'twos_comp'
INFO: [VRFC 10-3107] analyzing entity 'carry_chain'
INFO: [VRFC 10-3107] analyzing entity 'mux4'
INFO: [VRFC 10-3107] analyzing entity 'compare_gt'
INFO: [VRFC 10-3107] analyzing entity 'compare_eq_im'
INFO: [VRFC 10-3107] analyzing entity 'compare_ne_im'
INFO: [VRFC 10-3107] analyzing entity 'compare_eq'
INFO: [VRFC 10-3107] analyzing entity 'compare'
INFO: [VRFC 10-3107] analyzing entity 'special_detect'
INFO: [VRFC 10-3107] analyzing entity 'norm_zero_det'
INFO: [VRFC 10-3107] analyzing entity 'zero_det_sel'
INFO: [VRFC 10-3107] analyzing entity 'shift_msb_first'
INFO: [VRFC 10-3107] analyzing entity 'flt_dec_op'
INFO: [VRFC 10-3107] analyzing entity 'flt_dec_op_lat'
INFO: [VRFC 10-3107] analyzing entity 'lead_zero_encode'
INFO: [VRFC 10-3107] analyzing entity 'lead_zero_encode_shift'
INFO: [VRFC 10-3107] analyzing entity 'dsp48e1_wrapper'
INFO: [VRFC 10-3107] analyzing entity 'dsp48e2_wrapper'
INFO: [VRFC 10-3107] analyzing entity 'addsub_logic'
INFO: [VRFC 10-3107] analyzing entity 'addsub_dsp'
INFO: [VRFC 10-3107] analyzing entity 'addsub'
INFO: [VRFC 10-3107] analyzing entity 'flt_round_bit'
INFO: [VRFC 10-3107] analyzing entity 'renorm_and_round_logic'
INFO: [VRFC 10-3107] analyzing entity 'norm_and_round_dsp48e1_sgl'
INFO: [VRFC 10-3107] analyzing entity 'norm_and_round_logic'
INFO: [VRFC 10-3107] analyzing entity 'alignment'
INFO: [VRFC 10-3107] analyzing entity 'normalize'
INFO: [VRFC 10-3107] analyzing entity 'align_add_dsp48e1_sgl'
INFO: [VRFC 10-3107] analyzing entity 'align_add'
INFO: [VRFC 10-3107] analyzing entity 'multadd'
INFO: [VRFC 10-3107] analyzing entity 'compare_ge'
INFO: [VRFC 10-3107] analyzing entity 'fix_to_flt_conv_exp'
INFO: [VRFC 10-3107] analyzing entity 'fix_to_flt_conv'
INFO: [VRFC 10-3107] analyzing entity 'flt_to_fix_conv'
INFO: [VRFC 10-3107] analyzing entity 'flt_to_flt_conv_exp'
INFO: [VRFC 10-3107] analyzing entity 'flt_to_flt_conv'
INFO: [VRFC 10-3107] analyzing entity 'fp_cmp'
INFO: [VRFC 10-3107] analyzing entity 'flt_sqrt_mant_addsub'
INFO: [VRFC 10-3107] analyzing entity 'flt_sqrt_mant'
INFO: [VRFC 10-3107] analyzing entity 'flt_sqrt_exp'
INFO: [VRFC 10-3107] analyzing entity 'flt_sqrt'
INFO: [VRFC 10-3107] analyzing entity 'flt_div_mant_addsub'
INFO: [VRFC 10-3107] analyzing entity 'flt_div_mant'
INFO: [VRFC 10-3107] analyzing entity 'flt_div_exp'
INFO: [VRFC 10-3107] analyzing entity 'flt_div'
INFO: [VRFC 10-3107] analyzing entity 'fix_mult_dsp48e1_lat_dbl'
INFO: [VRFC 10-3107] analyzing entity 'fix_mult_dsp48e1_sgl'
INFO: [VRFC 10-3107] analyzing entity 'fix_mult_dsp48e1_dbl'
INFO: [VRFC 10-3107] analyzing entity 'fix_mult_dsp48e2_dbl'
INFO: [VRFC 10-3107] analyzing entity 'fix_mult_qq'
INFO: [VRFC 10-3107] analyzing entity 'fix_mult_xx'
INFO: [VRFC 10-3107] analyzing entity 'fix_mult'
INFO: [VRFC 10-3107] analyzing entity 'flt_round_dsp_opt_full'
INFO: [VRFC 10-3107] analyzing entity 'flt_round_dsp_opt_part'
INFO: [VRFC 10-3107] analyzing entity 'flt_mult_round'
INFO: [VRFC 10-3107] analyzing entity 'flt_mult_exp'
INFO: [VRFC 10-3107] analyzing entity 'flt_mult'
INFO: [VRFC 10-3107] analyzing entity 'flt_add_exp'
INFO: [VRFC 10-3107] analyzing entity 'flt_add_logic'
INFO: [VRFC 10-3107] analyzing entity 'flt_add_dsp'
INFO: [VRFC 10-3107] analyzing entity 'flt_add_lat_align_add'
INFO: [VRFC 10-3107] analyzing entity 'flt_add_lat_norm'
INFO: [VRFC 10-3107] analyzing entity 'flt_add_lat_exp'
INFO: [VRFC 10-3107] analyzing entity 'flt_add_lat'
INFO: [VRFC 10-3107] analyzing entity 'flt_add'
INFO: [VRFC 10-3107] analyzing entity 'flt_recip_approx'
INFO: [VRFC 10-3107] analyzing entity 'flt_recip_nr'
INFO: [VRFC 10-3107] analyzing entity 'flt_recip_reduction_calc'
INFO: [VRFC 10-3107] analyzing entity 'flt_recip_eval'
INFO: [VRFC 10-3107] analyzing entity 'flt_recip_postprocess'
INFO: [VRFC 10-3107] analyzing entity 'flt_recip_specialcase'
INFO: [VRFC 10-3107] analyzing entity 'flt_recip_recomb'
INFO: [VRFC 10-3107] analyzing entity 'flt_recipsqrt_dp_m_calc'
INFO: [VRFC 10-3107] analyzing entity 'flt_recip'
INFO: [VRFC 10-3107] analyzing entity 'flt_log_addsub'
INFO: [VRFC 10-3107] analyzing entity 'flt_log_addsub_taylor_fabric'
INFO: [VRFC 10-3107] analyzing entity 'flt_log_addsub_taylor_combiner_fabric'
INFO: [VRFC 10-3107] analyzing entity 'flt_log_single_one_detect'
INFO: [VRFC 10-3107] analyzing entity 'flt_log_inproc'
INFO: [VRFC 10-3107] analyzing entity 'flt_log_exp'
INFO: [VRFC 10-3107] analyzing entity 'flt_log_L_block_memory'
INFO: [VRFC 10-3107] analyzing entity 'flt_pt_log_L_block'
INFO: [VRFC 10-3107] analyzing entity 'flt_log_rr_mul_iter'
INFO: [VRFC 10-3107] analyzing entity 'flt_log_rr_mul'
INFO: [VRFC 10-3107] analyzing entity 'flt_log_rr'
INFO: [VRFC 10-3107] analyzing entity 'flt_log_taylor'
INFO: [VRFC 10-3107] analyzing entity 'flt_log_shift_msb_first'
INFO: [VRFC 10-3107] analyzing entity 'flt_log_lead_zero_encode'
INFO: [VRFC 10-3107] analyzing entity 'flt_log_normalize'
INFO: [VRFC 10-3107] analyzing entity 'flt_log_norm'
INFO: [VRFC 10-3107] analyzing entity 'flt_log_rnd'
INFO: [VRFC 10-3107] analyzing entity 'flt_log_specialcase'
INFO: [VRFC 10-3107] analyzing entity 'flt_log_recomb'
INFO: [VRFC 10-3107] analyzing entity 'flt_log'
INFO: [VRFC 10-3107] analyzing entity 'flt_exp_specialcase'
INFO: [VRFC 10-3107] analyzing entity 'flt_exp_recomb'
INFO: [VRFC 10-3107] analyzing entity 'flt_exp_ccm'
INFO: [VRFC 10-3107] analyzing entity 'flt_exp_e2A'
INFO: [VRFC 10-3107] analyzing entity 'flt_exp_dp_poly'
INFO: [VRFC 10-3107] analyzing entity 'flt_exp_e2zmzm1'
INFO: [VRFC 10-3107] analyzing entity 'flt_exp'
INFO: [VRFC 10-3107] analyzing entity 'flt_fma_specialcase'
INFO: [VRFC 10-3107] analyzing entity 'flt_fma_round_bit'
INFO: [VRFC 10-3107] analyzing entity 'flt_fma_renorm_and_round_logic'
INFO: [VRFC 10-3107] analyzing entity 'flt_fma_special_detect'
INFO: [VRFC 10-3107] analyzing entity 'flt_fma_add_exp'
INFO: [VRFC 10-3107] analyzing entity 'flt_fma_alignment'
INFO: [VRFC 10-3107] analyzing entity 'flt_fma_addsub_dsp1'
INFO: [VRFC 10-3107] analyzing entity 'flt_fma_addsub_dsp2'
INFO: [VRFC 10-3107] analyzing entity 'flt_fma_addsub'
INFO: [VRFC 10-3107] analyzing entity 'flt_fma_align_add'
INFO: [VRFC 10-3107] analyzing entity 'flt_fma_norm_logic'
INFO: [VRFC 10-3107] analyzing entity 'flt_fma_add_logic'
INFO: [VRFC 10-3107] analyzing entity 'flt_fma_add'
INFO: [VRFC 10-3107] analyzing entity 'flt_fma_mul'
INFO: [VRFC 10-3107] analyzing entity 'flt_fma'
INFO: [VRFC 10-3107] analyzing entity 'flt_accum_flt_to_fix'
INFO: [VRFC 10-3107] analyzing entity 'flt_accum_bit_encode'
INFO: [VRFC 10-3107] analyzing entity 'flt_accum'
INFO: [VRFC 10-3107] analyzing entity 'floating_point_v7_0_15_viv'
INFO: [VRFC 10-3107] analyzing entity 'floating_point_v7_0_15'
INFO: [VRFC 10-163] Analyzing VHDL file "F:/arch/exp5/Exp5/Exp5.ip_user_files/ipstatic/hdl/xbip_dsp48_mult_v3_0_vh_rfs.vhd" into library xbip_dsp48_mult_v3_0_5
INFO: [VRFC 10-3107] analyzing entity 'xbip_dsp48_mult_rtl'
INFO: [VRFC 10-3107] analyzing entity 'xbip_dsp48_mult_synth'
INFO: [VRFC 10-3107] analyzing entity 'xbip_dsp48_mult_v3_0_5_viv'
INFO: [VRFC 10-3107] analyzing entity 'xbip_dsp48_mult_v3_0_5'
INFO: [VRFC 10-163] Analyzing VHDL file "F:/arch/exp5/Exp5/Exp5.ip_user_files/ipstatic/hdl/xbip_dsp48_multadd_v3_0_vh_rfs.vhd" into library xbip_dsp48_multadd_v3_0_5
INFO: [VRFC 10-3107] analyzing entity 'xbip_dsp48_multadd_rtl'
INFO: [VRFC 10-3107] analyzing entity 'xbip_dsp48_multadd_synth'
INFO: [VRFC 10-3107] analyzing entity 'xbip_dsp48_multadd_v3_0_5_viv'
INFO: [VRFC 10-3107] analyzing entity 'xbip_dsp48_multadd_v3_0_5'
INFO: [VRFC 10-163] Analyzing VHDL file "F:/arch/exp5/Exp5/Exp5.ip_user_files/ipstatic/hdl/div_gen_v5_1_vh_rfs.vhd" into library div_gen_v5_1_13
INFO: [VRFC 10-3107] analyzing entity 'c_addsub_lut6'
INFO: [VRFC 10-3107] analyzing entity 'c_addsub_viv'
INFO: [VRFC 10-3107] analyzing entity 'c_twos_comp_viv'
INFO: [VRFC 10-3107] analyzing entity 'cmp2s_v'
INFO: [VRFC 10-3107] analyzing entity 'addsubreg_v'
INFO: [VRFC 10-3107] analyzing entity 'dividervdc_v'
INFO: [VRFC 10-3107] analyzing entity 'div_lutmult'
INFO: [VRFC 10-3107] analyzing entity 'bip_sdivider_synth'
INFO: [VRFC 10-3107] analyzing entity 'fixed_to_float'
INFO: [VRFC 10-3107] analyzing entity 'flow_ctrl'
INFO: [VRFC 10-3107] analyzing entity 'estimator'
INFO: [VRFC 10-3107] analyzing entity 'prescaler'
INFO: [VRFC 10-3107] analyzing entity 'prenormalizer'
INFO: [VRFC 10-3107] analyzing entity 'iterative_unit'
INFO: [VRFC 10-3107] analyzing entity 'quot_addsub'
INFO: [VRFC 10-3107] analyzing entity 'quotient_collector'
INFO: [VRFC 10-3107] analyzing entity 'hrdiv_viv'
INFO: [VRFC 10-3107] analyzing entity 'div_gen_synth'
INFO: [VRFC 10-3107] analyzing entity 'div_gen_v5_1_13_viv'
INFO: [VRFC 10-3107] analyzing entity 'div_gen_v5_1_13'
INFO: [VRFC 10-163] Analyzing VHDL file "F:/arch/exp5/Exp5/Exp5.srcs/sources_1/ip/divider/sim/divider.vhd" into library xil_defaultlib
INFO: [VRFC 10-3107] analyzing entity 'divider'
INFO: [VRFC 10-163] Analyzing VHDL file "F:/arch/exp5/Exp5/Exp5.srcs/sources_1/ip/multiplier/sim/multiplier.vhd" into library xil_defaultlib
INFO: [VRFC 10-3107] analyzing entity 'multiplier'
run_program: Time (s): cpu = 00:00:00 ; elapsed = 00:00:13 . Memory (MB): peak = 863.520 ; gain = 6.219
INFO: [USF-XSim-69] 'compile' step finished in '13' seconds
INFO: [USF-XSim-3] XSim::Elaborate design
INFO: [USF-XSim-61] Executing 'ELABORATE' step in 'F:/arch/exp5/Exp5/Exp5.sim/sim_1/behav/xsim'
Vivado Simulator 2018.3
Copyright 1986-1999, 2001-2018 Xilinx, Inc. All Rights Reserved.
Running: E:/vivado/Vivado/2018.3/bin/unwrapped/win64.o/xelab.exe -wto ee483bd22de04824896a12873b7858bd --incr --debug typical --relax --mt 2 -L xbip_utils_v3_0_9 -L axi_utils_v2_0_5 -L xbip_pipe_v3_0_5 -L xbip_dsp48_wrapper_v3_0_4 -L xbip_dsp48_addsub_v3_0_5 -L xbip_bram18k_v3_0_5 -L mult_gen_v12_0_14 -L floating_point_v7_0_15 -L xbip_dsp48_mult_v3_0_5 -L xbip_dsp48_multadd_v3_0_5 -L div_gen_v5_1_13 -L xil_defaultlib -L unisims_ver -L unimacro_ver -L secureip -L xpm --snapshot core_sim_behav xil_defaultlib.core_sim xil_defaultlib.glbl -log elaborate.log 
Using 2 slave threads.
Starting static elaboration
Completed static elaboration
Starting simulation data flow analysis
Completed simulation data flow analysis
Time Resolution for simulation is 1ps
Compiling package std.standard
Compiling package std.textio
Compiling package ieee.std_logic_1164
Compiling package ieee.numeric_std
Compiling package mult_gen_v12_0_14.mult_gen_v12_0_14_viv_comp
Compiling package xbip_utils_v3_0_9.xbip_utils_v3_0_9_pkg
Compiling package mult_gen_v12_0_14.mult_gen_v12_0_14_pkg
Compiling package ieee.std_logic_arith
Compiling package ieee.std_logic_signed
Compiling package unisim.vcomponents
Compiling package ieee.std_logic_unsigned
Compiling package ieee.vital_timing
Compiling package ieee.vital_primitives
Compiling package unisim.vpkg
Compiling package div_gen_v5_1_13.div_gen_v5_1_13_viv_comp
Compiling package xbip_pipe_v3_0_5.xbip_pipe_v3_0_5_viv_comp
Compiling package axi_utils_v2_0_5.axi_utils_v2_0_5_pkg
Compiling package ieee.math_real
Compiling package axi_utils_v2_0_5.global_util_pkg
Compiling package axi_utils_v2_0_5.axi_utils_comps
Compiling package xbip_bram18k_v3_0_5.xbip_bram18k_v3_0_5_pkg
Compiling package div_gen_v5_1_13.div_gen_pkg
Compiling package div_gen_v5_1_13.pkg_addsub
Compiling module xil_defaultlib.debug_clk
Compiling module xil_defaultlib.REG32
Compiling module xil_defaultlib.add_32
Compiling module xil_defaultlib.MUX2T1_32
Compiling module xil_defaultlib.ROM_D
Compiling module xil_defaultlib.REG_ID
Compiling module xil_defaultlib.CtrlUnit
Compiling module xil_defaultlib.ImmGen
Compiling module xil_defaultlib.Regs
Compiling module xil_defaultlib.FU_ALU
Compiling module xil_defaultlib.RAM_B
Compiling module xil_defaultlib.FU_mem
Compiling architecture lut2_v of entity unisim.LUT2 [\LUT2(init="1000")(0,3)\]
Compiling architecture mult_and_v of entity unisim.MULT_AND [mult_and_default]
Compiling architecture muxcy_v of entity unisim.MUXCY [muxcy_default]
Compiling architecture xorcy_v of entity unisim.XORCY [xorcy_default]
Compiling architecture xilinx of entity mult_gen_v12_0_14.op_resize [\op_resize(ai_width=32,bi_width=...]
Compiling architecture xilinx of entity mult_gen_v12_0_14.luts [\luts(c_xdevicefamily="kintex7",...]
Compiling architecture xilinx of entity mult_gen_v12_0_14.mult_gen_v12_0_14_viv [\mult_gen_v12_0_14_viv(c_verbosi...]
Compiling architecture xilinx of entity mult_gen_v12_0_14.mult_gen_v12_0_14 [\mult_gen_v12_0_14(c_xdevicefami...]
Compiling architecture multiplier_arch of entity xil_defaultlib.multiplier [multiplier_default]
Compiling module xil_defaultlib.FU_mul
Compiling architecture synth of entity div_gen_v5_1_13.c_twos_comp_viv [\c_twos_comp_viv(c_width=32,c_ai...]
Compiling architecture virtex of entity div_gen_v5_1_13.cmp2s_v [\cmp2s_v(c_bus_width=32,c_regist...]
Compiling architecture synth of entity div_gen_v5_1_13.c_twos_comp_viv [\c_twos_comp_viv(c_width=32,c_ai...]
Compiling architecture virtex of entity div_gen_v5_1_13.cmp2s_v [\cmp2s_v(c_bus_width=32,c_ainit_...]
Compiling architecture synth of entity xbip_pipe_v3_0_5.xbip_pipe_v3_0_5_viv [\xbip_pipe_v3_0_5_viv(c_latency=...]
Compiling architecture synth of entity xbip_pipe_v3_0_5.xbip_pipe_v3_0_5_viv [\xbip_pipe_v3_0_5_viv(c_latency=...]
Compiling architecture synth of entity xbip_pipe_v3_0_5.xbip_pipe_v3_0_5_viv [\xbip_pipe_v3_0_5_viv(c_latency=...]
Compiling architecture synth of entity xbip_pipe_v3_0_5.xbip_pipe_v3_0_5_viv [\xbip_pipe_v3_0_5_viv(c_latency=...]
Compiling architecture synth of entity xbip_pipe_v3_0_5.xbip_pipe_v3_0_5_viv [\xbip_pipe_v3_0_5_viv(c_latency=...]
Compiling architecture rtl of entity div_gen_v5_1_13.c_addsub_lut6 [\c_addsub_lut6(c_width=33,c_add_...]
Compiling architecture synth of entity div_gen_v5_1_13.c_addsub_viv [\c_addsub_viv(c_a_width=33,c_b_w...]
Compiling architecture virtex of entity div_gen_v5_1_13.addsubreg_v [\addsubreg_v(c_bus_width=33,c_ai...]
Compiling architecture synth of entity xbip_pipe_v3_0_5.xbip_pipe_v3_0_5_viv [\xbip_pipe_v3_0_5_viv(c_latency=...]
Compiling architecture synth of entity xbip_pipe_v3_0_5.xbip_pipe_v3_0_5_viv [\xbip_pipe_v3_0_5_viv(c_latency=...]
Compiling architecture synth of entity xbip_pipe_v3_0_5.xbip_pipe_v3_0_5_viv [\xbip_pipe_v3_0_5_viv(c_latency=...]
Compiling architecture synth of entity xbip_pipe_v3_0_5.xbip_pipe_v3_0_5_viv [\xbip_pipe_v3_0_5_viv(c_latency=...]
Compiling architecture synth of entity xbip_pipe_v3_0_5.xbip_pipe_v3_0_5_viv [\xbip_pipe_v3_0_5_viv(c_latency=...]
Compiling architecture synth of entity xbip_pipe_v3_0_5.xbip_pipe_v3_0_5_viv [\xbip_pipe_v3_0_5_viv(c_latency=...]
Compiling architecture synth of entity xbip_pipe_v3_0_5.xbip_pipe_v3_0_5_viv [\xbip_pipe_v3_0_5_viv(c_latency=...]
Compiling architecture synth of entity xbip_pipe_v3_0_5.xbip_pipe_v3_0_5_viv [\xbip_pipe_v3_0_5_viv(c_latency=...]
Compiling architecture synth of entity xbip_pipe_v3_0_5.xbip_pipe_v3_0_5_viv [\xbip_pipe_v3_0_5_viv(c_latency=...]
Compiling architecture synth of entity xbip_pipe_v3_0_5.xbip_pipe_v3_0_5_viv [\xbip_pipe_v3_0_5_viv(c_latency=...]
Compiling architecture synth of entity xbip_pipe_v3_0_5.xbip_pipe_v3_0_5_viv [\xbip_pipe_v3_0_5_viv(c_latency=...]
Compiling architecture synth of entity xbip_pipe_v3_0_5.xbip_pipe_v3_0_5_viv [\xbip_pipe_v3_0_5_viv(c_latency=...]
Compiling architecture synth of entity xbip_pipe_v3_0_5.xbip_pipe_v3_0_5_viv [\xbip_pipe_v3_0_5_viv(c_latency=...]
Compiling architecture synth of entity xbip_pipe_v3_0_5.xbip_pipe_v3_0_5_viv [\xbip_pipe_v3_0_5_viv(c_latency=...]
Compiling architecture synth of entity xbip_pipe_v3_0_5.xbip_pipe_v3_0_5_viv [\xbip_pipe_v3_0_5_viv(c_latency=...]
Compiling architecture synth of entity xbip_pipe_v3_0_5.xbip_pipe_v3_0_5_viv [\xbip_pipe_v3_0_5_viv(c_latency=...]
Compiling architecture synth of entity xbip_pipe_v3_0_5.xbip_pipe_v3_0_5_viv [\xbip_pipe_v3_0_5_viv(c_latency=...]
Compiling architecture synth of entity xbip_pipe_v3_0_5.xbip_pipe_v3_0_5_viv [\xbip_pipe_v3_0_5_viv(c_latency=...]
Compiling architecture synth of entity xbip_pipe_v3_0_5.xbip_pipe_v3_0_5_viv [\xbip_pipe_v3_0_5_viv(c_latency=...]
Compiling architecture synth of entity xbip_pipe_v3_0_5.xbip_pipe_v3_0_5_viv [\xbip_pipe_v3_0_5_viv(c_latency=...]
Compiling architecture synth of entity xbip_pipe_v3_0_5.xbip_pipe_v3_0_5_viv [\xbip_pipe_v3_0_5_viv(c_latency=...]
Compiling architecture synth of entity xbip_pipe_v3_0_5.xbip_pipe_v3_0_5_viv [\xbip_pipe_v3_0_5_viv(c_latency=...]
Compiling architecture synth of entity xbip_pipe_v3_0_5.xbip_pipe_v3_0_5_viv [\xbip_pipe_v3_0_5_viv(c_latency=...]
Compiling architecture synth of entity xbip_pipe_v3_0_5.xbip_pipe_v3_0_5_viv [\xbip_pipe_v3_0_5_viv(c_latency=...]
Compiling architecture synth of entity xbip_pipe_v3_0_5.xbip_pipe_v3_0_5_viv [\xbip_pipe_v3_0_5_viv(c_latency=...]
Compiling architecture synth of entity xbip_pipe_v3_0_5.xbip_pipe_v3_0_5_viv [\xbip_pipe_v3_0_5_viv(c_latency=...]
Compiling architecture synth of entity xbip_pipe_v3_0_5.xbip_pipe_v3_0_5_viv [\xbip_pipe_v3_0_5_viv(c_latency=...]
Compiling architecture synth of entity xbip_pipe_v3_0_5.xbip_pipe_v3_0_5_viv [\xbip_pipe_v3_0_5_viv(c_latency=...]
Compiling architecture synth of entity xbip_pipe_v3_0_5.xbip_pipe_v3_0_5_viv [\xbip_pipe_v3_0_5_viv(c_latency=...]
Compiling architecture synth of entity xbip_pipe_v3_0_5.xbip_pipe_v3_0_5_viv [\xbip_pipe_v3_0_5_viv(c_latency=...]
Compiling architecture synth of entity xbip_pipe_v3_0_5.xbip_pipe_v3_0_5_viv [\xbip_pipe_v3_0_5_viv(c_latency=...]
Compiling architecture synth of entity xbip_pipe_v3_0_5.xbip_pipe_v3_0_5_viv [\xbip_pipe_v3_0_5_viv(c_latency=...]
Compiling architecture synth of entity xbip_pipe_v3_0_5.xbip_pipe_v3_0_5_viv [\xbip_pipe_v3_0_5_viv(c_latency=...]
Compiling architecture synth of entity xbip_pipe_v3_0_5.xbip_pipe_v3_0_5_viv [\xbip_pipe_v3_0_5_viv(c_latency=...]
Compiling architecture synth of entity xbip_pipe_v3_0_5.xbip_pipe_v3_0_5_viv [\xbip_pipe_v3_0_5_viv(c_latency=...]
Compiling architecture synth of entity xbip_pipe_v3_0_5.xbip_pipe_v3_0_5_viv [\xbip_pipe_v3_0_5_viv(c_latency=...]
Compiling architecture synth of entity xbip_pipe_v3_0_5.xbip_pipe_v3_0_5_viv [\xbip_pipe_v3_0_5_viv(c_latency=...]
Compiling architecture synth of entity xbip_pipe_v3_0_5.xbip_pipe_v3_0_5_viv [\xbip_pipe_v3_0_5_viv(c_latency=...]
Compiling architecture synth of entity xbip_pipe_v3_0_5.xbip_pipe_v3_0_5_viv [\xbip_pipe_v3_0_5_viv(c_latency=...]
Compiling architecture synth of entity xbip_pipe_v3_0_5.xbip_pipe_v3_0_5_viv [\xbip_pipe_v3_0_5_viv(c_latency=...]
Compiling architecture synth of entity xbip_pipe_v3_0_5.xbip_pipe_v3_0_5_viv [\xbip_pipe_v3_0_5_viv(c_latency=...]
Compiling architecture synth of entity xbip_pipe_v3_0_5.xbip_pipe_v3_0_5_viv [\xbip_pipe_v3_0_5_viv(c_latency=...]
Compiling architecture synth of entity xbip_pipe_v3_0_5.xbip_pipe_v3_0_5_viv [\xbip_pipe_v3_0_5_viv(c_latency=...]
Compiling architecture synth of entity xbip_pipe_v3_0_5.xbip_pipe_v3_0_5_viv [\xbip_pipe_v3_0_5_viv(c_latency=...]
Compiling architecture synth of entity xbip_pipe_v3_0_5.xbip_pipe_v3_0_5_viv [\xbip_pipe_v3_0_5_viv(c_latency=...]
Compiling architecture synth of entity xbip_pipe_v3_0_5.xbip_pipe_v3_0_5_viv [\xbip_pipe_v3_0_5_viv(c_latency=...]
Compiling architecture synth of entity xbip_pipe_v3_0_5.xbip_pipe_v3_0_5_viv [\xbip_pipe_v3_0_5_viv(c_latency=...]
Compiling architecture synth of entity xbip_pipe_v3_0_5.xbip_pipe_v3_0_5_viv [\xbip_pipe_v3_0_5_viv(c_latency=...]
Compiling architecture synth of entity xbip_pipe_v3_0_5.xbip_pipe_v3_0_5_viv [\xbip_pipe_v3_0_5_viv(c_latency=...]
Compiling architecture synth of entity xbip_pipe_v3_0_5.xbip_pipe_v3_0_5_viv [\xbip_pipe_v3_0_5_viv(c_latency=...]
Compiling architecture synth of entity xbip_pipe_v3_0_5.xbip_pipe_v3_0_5_viv [\xbip_pipe_v3_0_5_viv(c_latency=...]
Compiling architecture synth of entity xbip_pipe_v3_0_5.xbip_pipe_v3_0_5_viv [\xbip_pipe_v3_0_5_viv(c_latency=...]
Compiling architecture synth of entity xbip_pipe_v3_0_5.xbip_pipe_v3_0_5_viv [\xbip_pipe_v3_0_5_viv(c_latency=...]
Compiling architecture synth of entity xbip_pipe_v3_0_5.xbip_pipe_v3_0_5_viv [\xbip_pipe_v3_0_5_viv(c_latency=...]
Compiling architecture synth of entity xbip_pipe_v3_0_5.xbip_pipe_v3_0_5_viv [\xbip_pipe_v3_0_5_viv(c_latency=...]
Compiling architecture synth of entity xbip_pipe_v3_0_5.xbip_pipe_v3_0_5_viv [\xbip_pipe_v3_0_5_viv(c_latency=...]
Compiling architecture synth of entity xbip_pipe_v3_0_5.xbip_pipe_v3_0_5_viv [\xbip_pipe_v3_0_5_viv(c_latency=...]
Compiling architecture synth of entity xbip_pipe_v3_0_5.xbip_pipe_v3_0_5_viv [\xbip_pipe_v3_0_5_viv(c_latency=...]
Compiling architecture synth of entity xbip_pipe_v3_0_5.xbip_pipe_v3_0_5_viv [\xbip_pipe_v3_0_5_viv(c_latency=...]
Compiling architecture synth of entity xbip_pipe_v3_0_5.xbip_pipe_v3_0_5_viv [\xbip_pipe_v3_0_5_viv(c_latency=...]
Compiling architecture synth of entity xbip_pipe_v3_0_5.xbip_pipe_v3_0_5_viv [\xbip_pipe_v3_0_5_viv(c_latency=...]
Compiling architecture synth of entity xbip_pipe_v3_0_5.xbip_pipe_v3_0_5_viv [\xbip_pipe_v3_0_5_viv(c_latency=...]
Compiling architecture rtl of entity div_gen_v5_1_13.c_addsub_lut6 [\c_addsub_lut6(c_width=33,c_add_...]
Compiling architecture synth of entity div_gen_v5_1_13.c_addsub_viv [\c_addsub_viv(c_a_width=33,c_b_w...]
Compiling architecture virtex of entity div_gen_v5_1_13.addsubreg_v [\addsubreg_v(c_bus_width=33,c_ha...]
Compiling architecture virtex of entity div_gen_v5_1_13.dividervdc_v [\dividervdc_v(bus_num=32,bus_div...]
Compiling architecture synth of entity div_gen_v5_1_13.c_twos_comp_viv [\c_twos_comp_viv(c_width=33,c_ai...]
Compiling architecture virtex of entity div_gen_v5_1_13.cmp2s_v [\cmp2s_v(c_bus_width=33,c_regist...]
Compiling architecture synth of entity div_gen_v5_1_13.bip_sdivider_synth [\bip_sdivider_synth(c_xdevicefam...]
Compiling architecture synth of entity div_gen_v5_1_13.div_gen_synth [\div_gen_synth(c_xdevicefamily="...]
Compiling architecture synth of entity xbip_pipe_v3_0_5.xbip_pipe_v3_0_5_viv [\xbip_pipe_v3_0_5_viv(c_latency=...]
Compiling architecture synth of entity div_gen_v5_1_13.div_gen_v5_1_13_viv [\div_gen_v5_1_13_viv(c_xdevicefa...]
Compiling architecture xilinx of entity div_gen_v5_1_13.div_gen_v5_1_13 [\div_gen_v5_1_13(c_xdevicefamily...]
Compiling architecture divider_arch of entity xil_defaultlib.divider [divider_default]
Compiling module xil_defaultlib.FU_div
Compiling module xil_defaultlib.cmp_32
Compiling module xil_defaultlib.FU_jump
Compiling module xil_defaultlib.MUX8T1_32
Compiling module xil_defaultlib.RV32core
Compiling module xil_defaultlib.core_sim
Compiling module xil_defaultlib.glbl
Built simulation snapshot core_sim_behav

****** Webtalk v2018.3 (64-bit)
  **** SW Build 2405991 on Thu Dec  6 23:38:27 MST 2018
  **** IP Build 2404404 on Fri Dec  7 01:43:56 MST 2018
    ** Copyright 1986-2018 Xilinx, Inc. All Rights Reserved.

source F:/arch/exp5/Exp5/Exp5.sim/sim_1/behav/xsim/xsim.dir/core_sim_behav/webtalk/xsim_webtalk.tcl -notrace
INFO: [Common 17-206] Exiting Webtalk at Mon Feb 27 15:33:14 2023...
run_program: Time (s): cpu = 00:00:01 ; elapsed = 00:00:18 . Memory (MB): peak = 863.520 ; gain = 0.000
INFO: [USF-XSim-69] 'elaborate' step finished in '18' seconds
INFO: [USF-XSim-4] XSim::Simulate design
INFO: [USF-XSim-61] Executing 'SIMULATE' step in 'F:/arch/exp5/Exp5/Exp5.sim/sim_1/behav/xsim'
INFO: [USF-XSim-98] *** Running xsim
   with args "core_sim_behav -key {Behavioral:sim_1:Functional:core_sim} -tclbatch {core_sim.tcl} -view {F:/arch/exp5/Exp5/code/sim/core_sim_behav.wcfg} -log {simulate.log}"
INFO: [USF-XSim-8] Loading simulator feature
Vivado Simulator 2018.3
Time resolution is 1 ps
open_wave_config F:/arch/exp5/Exp5/code/sim/core_sim_behav.wcfg
source core_sim.tcl
# set curr_wave [current_wave_config]
# if { [string length $curr_wave] == 0 } {
#   if { [llength [get_objects]] > 0} {
#     add_wave /
#     set_property needs_save false [current_wave_config]
#   } else {
#      send_msg_id Add_Wave-1 WARNING "No top level signals found. Simulator will start without a wave window. If you want to open a wave window go to 'File->New Waveform Configuration' or type 'create_wave_config' in the TCL console."
#   }
# }
# run 1000ns
INFO: [USF-XSim-96] XSim completed. Design snapshot 'core_sim_behav' loaded.
INFO: [USF-XSim-97] XSim simulation ran for 1000ns
launch_simulation: Time (s): cpu = 00:00:08 ; elapsed = 00:00:37 . Memory (MB): peak = 893.609 ; gain = 37.082
reset_run synth_1
WARNING: [Vivado 12-1017] Problems encountered:
1. Failed to delete one or more files in run directory F:/arch/exp5/Exp5/Exp5.runs/synth_1

reset_run multiplier_synth_1
WARNING: [Vivado 12-1017] Problems encountered:
1. Failed to delete one or more files in run directory F:/arch/exp5/Exp5/Exp5.runs/multiplier_synth_1

reset_run divider_synth_1
WARNING: [Vivado 12-1017] Problems encountered:
1. Failed to delete one or more files in run directory F:/arch/exp5/Exp5/Exp5.runs/divider_synth_1

launch_runs impl_1 -to_step write_bitstream -jobs 6
WARNING: [Project 1-577] IP run divider_synth_1 is available but is out of date. Since the IP is locked, the synthesis checkpoint cannot be updated. The out-of-date checkpoint will be used and it may result in incorrect behavior.
Please select 'Report IP Status' from the 'Tools/Report' menu or run the Tcl command 'report_ip_status' for more information.
INFO: [IP_Flow 19-1686] Generating 'Synthesis' target for IP 'multiplier'...
WARNING: [Runs 36-337] The following IPs are either missing output products or output products are not up-to-date for Synthesis target. Since these IPs are locked, no update to the output products can be done. 
Please select 'Report IP Status' from the 'Tools/Report' menu or run Tcl command 'report_ip_status' for more information.
F:/arch/exp5/Exp5/Exp5.srcs/sources_1/ip/divider/divider.xci

WARNING: [Project 1-576] IP 'F:/arch/exp5/Exp5/Exp5.srcs/sources_1/ip/divider/divider.xci' in run divider_synth_1 is locked, no out-of-context (OOC) run will be launched. The run may not be able to complete.
Please select 'Report IP Status' from 'Tools/Report' or run the Tcl command 'report_ip_status' for more information.
[Mon Feb 27 15:38:25 2023] Launched multiplier_synth_1, divider_synth_1, synth_1...
Run output will be captured here:
multiplier_synth_1: F:/arch/exp5/Exp5/Exp5.runs/multiplier_synth_1/runme.log
divider_synth_1: F:/arch/exp5/Exp5/Exp5.runs/divider_synth_1/runme.log
synth_1: F:/arch/exp5/Exp5/Exp5.runs/synth_1/runme.log
[Mon Feb 27 15:38:25 2023] Launched impl_1...
Run output will be captured here: F:/arch/exp5/Exp5/Exp5.runs/impl_1/runme.log
launch_runs: Time (s): cpu = 00:00:02 ; elapsed = 00:00:20 . Memory (MB): peak = 958.961 ; gain = 5.375
close_sim
INFO: [Simtcl 6-16] Simulation closed
open_run impl_1
INFO: [Netlist 29-17] Analyzing 1643 Unisim elements for replacement
INFO: [Netlist 29-28] Unisim Transformation completed in 0 CPU seconds
INFO: [Project 1-479] Netlist was created with Vivado 2018.3
INFO: [Device 21-403] Loading part xc7k325tffg676-2L
INFO: [Project 1-570] Preparing netlist for logic optimization
Reading XDEF placement.
Reading placer database...
Reading XDEF routing.
Read XDEF File: Time (s): cpu = 00:00:01 ; elapsed = 00:00:01 . Memory (MB): peak = 2236.957 ; gain = 20.508
Restored from archive | CPU: 1.000000 secs | Memory: 0.000000 MB |
Finished XDEF File Restore: Time (s): cpu = 00:00:01 ; elapsed = 00:00:01 . Memory (MB): peak = 2236.957 ; gain = 20.508
Netlist sorting complete. Time (s): cpu = 00:00:00 ; elapsed = 00:00:00.005 . Memory (MB): peak = 2237.043 ; gain = 0.000
INFO: [Project 1-111] Unisim Transformation Summary:
  A total of 13 instances were transformed.
  RAM32M => RAM32M (RAMD32, RAMD32, RAMD32, RAMD32, RAMD32, RAMD32, RAMS32, RAMS32): 6 instances
  RAM64M => RAM64M (inverted pins: WCLK) (RAMD64E, RAMD64E, RAMD64E, RAMD64E): 2 instances
  RAM64X1D => RAM64X1D (inverted pins: WCLK) (RAMD64E, RAMD64E): 2 instances
  SRLC32E => SRL16E: 3 instances

open_run: Time (s): cpu = 00:00:19 ; elapsed = 00:00:13 . Memory (MB): peak = 2238.855 ; gain = 75.629
open_report: Time (s): cpu = 00:00:15 ; elapsed = 00:00:06 . Memory (MB): peak = 2238.855 ; gain = 0.000
WARNING: [Timing 38-313] There are no user specified timing constraints. Timing constraints are needed for proper timing analysis.
add_files -fileset constrs_1 -norecurse F:/arch/exp5/Exp5/code/constraint.xdc
reset_run synth_1
launch_runs impl_1 -to_step write_bitstream -jobs 6
[Mon Feb 27 16:20:58 2023] Launched synth_1...
Run output will be captured here: F:/arch/exp5/Exp5/Exp5.runs/synth_1/runme.log
[Mon Feb 27 16:20:58 2023] Launched impl_1...
Run output will be captured here: F:/arch/exp5/Exp5/Exp5.runs/impl_1/runme.log
close_design
launch_simulation
INFO: [Vivado 12-5698] Checking validity of IPs in the design for the 'XSim' simulator...
INFO: [Vivado 12-5682] Launching behavioral simulation in 'F:/arch/exp5/Exp5/Exp5.sim/sim_1/behav/xsim'
INFO: [Vivado 12-4795] Using compiled simulation libraries for IPs
INFO: [SIM-utils-51] Simulation object is 'sim_1'
INFO: [USF-XSim-7] Finding pre-compiled libraries...
INFO: [USF-XSim-11] File 'E:/vivado/Vivado/2018.3/data/xsim/xsim.ini' copied to run dir:'F:/arch/exp5/Exp5/Exp5.sim/sim_1/behav/xsim'
INFO: [SIM-utils-54] Inspecting design source files for 'core_sim' in fileset 'sim_1'...
INFO: [USF-XSim-97] Finding global include files...
INFO: [USF-XSim-98] Fetching design files from 'sim_1'...
INFO: [USF-XSim-2] XSim::Compile design
INFO: [USF-XSim-61] Executing 'COMPILE and ANALYZE' step in 'F:/arch/exp5/Exp5/Exp5.sim/sim_1/behav/xsim'
"xvlog --incr --relax -prj core_sim_vlog.prj"
"xvhdl --incr --relax -prj core_sim_vhdl.prj"
INFO: [USF-XSim-69] 'compile' step finished in '2' seconds
INFO: [USF-XSim-3] XSim::Elaborate design
INFO: [USF-XSim-61] Executing 'ELABORATE' step in 'F:/arch/exp5/Exp5/Exp5.sim/sim_1/behav/xsim'
Vivado Simulator 2018.3
Copyright 1986-1999, 2001-2018 Xilinx, Inc. All Rights Reserved.
Running: E:/vivado/Vivado/2018.3/bin/unwrapped/win64.o/xelab.exe -wto ee483bd22de04824896a12873b7858bd --incr --debug typical --relax --mt 2 -L xbip_utils_v3_0_9 -L axi_utils_v2_0_5 -L xbip_pipe_v3_0_5 -L xbip_dsp48_wrapper_v3_0_4 -L xbip_dsp48_addsub_v3_0_5 -L xbip_bram18k_v3_0_5 -L mult_gen_v12_0_14 -L floating_point_v7_0_15 -L xbip_dsp48_mult_v3_0_5 -L xbip_dsp48_multadd_v3_0_5 -L div_gen_v5_1_13 -L xil_defaultlib -L unisims_ver -L unimacro_ver -L secureip -L xpm --snapshot core_sim_behav xil_defaultlib.core_sim xil_defaultlib.glbl -log elaborate.log 
Using 2 slave threads.
Starting static elaboration
Completed static elaboration
INFO: [XSIM 43-4323] No Change in HDL. Linking previously generated obj files to create kernel
INFO: [USF-XSim-69] 'elaborate' step finished in '3' seconds
INFO: [USF-XSim-4] XSim::Simulate design
INFO: [USF-XSim-61] Executing 'SIMULATE' step in 'F:/arch/exp5/Exp5/Exp5.sim/sim_1/behav/xsim'
INFO: [USF-XSim-98] *** Running xsim
   with args "core_sim_behav -key {Behavioral:sim_1:Functional:core_sim} -tclbatch {core_sim.tcl} -view {F:/arch/exp5/Exp5/code/sim/core_sim_behav.wcfg} -log {simulate.log}"
INFO: [USF-XSim-8] Loading simulator feature
Vivado Simulator 2018.3
Time resolution is 1 ps
open_wave_config F:/arch/exp5/Exp5/code/sim/core_sim_behav.wcfg
source core_sim.tcl
# set curr_wave [current_wave_config]
# if { [string length $curr_wave] == 0 } {
#   if { [llength [get_objects]] > 0} {
#     add_wave /
#     set_property needs_save false [current_wave_config]
#   } else {
#      send_msg_id Add_Wave-1 WARNING "No top level signals found. Simulator will start without a wave window. If you want to open a wave window go to 'File->New Waveform Configuration' or type 'create_wave_config' in the TCL console."
#   }
# }
# run 1000ns
INFO: [USF-XSim-96] XSim completed. Design snapshot 'core_sim_behav' loaded.
INFO: [USF-XSim-97] XSim simulation ran for 1000ns
launch_simulation: Time (s): cpu = 00:00:03 ; elapsed = 00:00:08 . Memory (MB): peak = 3388.512 ; gain = 0.000
relaunch_sim
INFO: [Vivado 12-5698] Checking validity of IPs in the design for the 'XSim' simulator...
INFO: [Vivado 12-5682] Launching behavioral simulation in 'F:/arch/exp5/Exp5/Exp5.sim/sim_1/behav/xsim'
INFO: [Vivado 12-4795] Using compiled simulation libraries for IPs
INFO: [SIM-utils-51] Simulation object is 'sim_1'
INFO: [USF-XSim-7] Finding pre-compiled libraries...
INFO: [USF-XSim-11] File 'E:/vivado/Vivado/2018.3/data/xsim/xsim.ini' copied to run dir:'F:/arch/exp5/Exp5/Exp5.sim/sim_1/behav/xsim'
INFO: [SIM-utils-54] Inspecting design source files for 'core_sim' in fileset 'sim_1'...
INFO: [USF-XSim-97] Finding global include files...
INFO: [USF-XSim-98] Fetching design files from 'sim_1'...
INFO: [USF-XSim-2] XSim::Compile design
INFO: [USF-XSim-61] Executing 'COMPILE and ANALYZE' step in 'F:/arch/exp5/Exp5/Exp5.sim/sim_1/behav/xsim'
"xvlog --incr --relax -prj core_sim_vlog.prj"
"xvhdl --incr --relax -prj core_sim_vhdl.prj"
INFO: [USF-XSim-69] 'compile' step finished in '2' seconds
INFO: [Vivado 12-5698] Checking validity of IPs in the design for the 'XSim' simulator...
INFO: [Vivado 12-5682] Launching behavioral simulation in 'F:/arch/exp5/Exp5/Exp5.sim/sim_1/behav/xsim'
INFO: [Vivado 12-4795] Using compiled simulation libraries for IPs
INFO: [USF-XSim-3] XSim::Elaborate design
INFO: [USF-XSim-61] Executing 'ELABORATE' step in 'F:/arch/exp5/Exp5/Exp5.sim/sim_1/behav/xsim'
Vivado Simulator 2018.3
Copyright 1986-1999, 2001-2018 Xilinx, Inc. All Rights Reserved.
Running: E:/vivado/Vivado/2018.3/bin/unwrapped/win64.o/xelab.exe -wto ee483bd22de04824896a12873b7858bd --incr --debug typical --relax --mt 2 -L xbip_utils_v3_0_9 -L axi_utils_v2_0_5 -L xbip_pipe_v3_0_5 -L xbip_dsp48_wrapper_v3_0_4 -L xbip_dsp48_addsub_v3_0_5 -L xbip_bram18k_v3_0_5 -L mult_gen_v12_0_14 -L floating_point_v7_0_15 -L xbip_dsp48_mult_v3_0_5 -L xbip_dsp48_multadd_v3_0_5 -L div_gen_v5_1_13 -L xil_defaultlib -L unisims_ver -L unimacro_ver -L secureip -L xpm --snapshot core_sim_behav xil_defaultlib.core_sim xil_defaultlib.glbl -log elaborate.log 
Using 2 slave threads.
Starting static elaboration
Completed static elaboration
INFO: [XSIM 43-4323] No Change in HDL. Linking previously generated obj files to create kernel
INFO: [USF-XSim-69] 'elaborate' step finished in '2' seconds
Vivado Simulator 2018.3
Time resolution is 1 ps
relaunch_sim: Time (s): cpu = 00:00:01 ; elapsed = 00:00:08 . Memory (MB): peak = 3388.512 ; gain = 0.000
relaunch_sim
INFO: [Vivado 12-5698] Checking validity of IPs in the design for the 'XSim' simulator...
INFO: [Vivado 12-5682] Launching behavioral simulation in 'F:/arch/exp5/Exp5/Exp5.sim/sim_1/behav/xsim'
INFO: [Vivado 12-4795] Using compiled simulation libraries for IPs
INFO: [SIM-utils-51] Simulation object is 'sim_1'
INFO: [USF-XSim-7] Finding pre-compiled libraries...
INFO: [USF-XSim-11] File 'E:/vivado/Vivado/2018.3/data/xsim/xsim.ini' copied to run dir:'F:/arch/exp5/Exp5/Exp5.sim/sim_1/behav/xsim'
INFO: [SIM-utils-54] Inspecting design source files for 'core_sim' in fileset 'sim_1'...
INFO: [USF-XSim-97] Finding global include files...
INFO: [USF-XSim-98] Fetching design files from 'sim_1'...
INFO: [USF-XSim-2] XSim::Compile design
INFO: [USF-XSim-61] Executing 'COMPILE and ANALYZE' step in 'F:/arch/exp5/Exp5/Exp5.sim/sim_1/behav/xsim'
"xvlog --incr --relax -prj core_sim_vlog.prj"
"xvhdl --incr --relax -prj core_sim_vhdl.prj"
INFO: [USF-XSim-69] 'compile' step finished in '2' seconds
INFO: [Vivado 12-5698] Checking validity of IPs in the design for the 'XSim' simulator...
INFO: [Vivado 12-5682] Launching behavioral simulation in 'F:/arch/exp5/Exp5/Exp5.sim/sim_1/behav/xsim'
INFO: [Vivado 12-4795] Using compiled simulation libraries for IPs
INFO: [USF-XSim-3] XSim::Elaborate design
INFO: [USF-XSim-61] Executing 'ELABORATE' step in 'F:/arch/exp5/Exp5/Exp5.sim/sim_1/behav/xsim'
Vivado Simulator 2018.3
Copyright 1986-1999, 2001-2018 Xilinx, Inc. All Rights Reserved.
Running: E:/vivado/Vivado/2018.3/bin/unwrapped/win64.o/xelab.exe -wto ee483bd22de04824896a12873b7858bd --incr --debug typical --relax --mt 2 -L xbip_utils_v3_0_9 -L axi_utils_v2_0_5 -L xbip_pipe_v3_0_5 -L xbip_dsp48_wrapper_v3_0_4 -L xbip_dsp48_addsub_v3_0_5 -L xbip_bram18k_v3_0_5 -L mult_gen_v12_0_14 -L floating_point_v7_0_15 -L xbip_dsp48_mult_v3_0_5 -L xbip_dsp48_multadd_v3_0_5 -L div_gen_v5_1_13 -L xil_defaultlib -L unisims_ver -L unimacro_ver -L secureip -L xpm --snapshot core_sim_behav xil_defaultlib.core_sim xil_defaultlib.glbl -log elaborate.log 
Using 2 slave threads.
Starting static elaboration
Completed static elaboration
INFO: [XSIM 43-4323] No Change in HDL. Linking previously generated obj files to create kernel
INFO: [USF-XSim-69] 'elaborate' step finished in '2' seconds
Vivado Simulator 2018.3
Time resolution is 1 ps
relaunch_sim: Time (s): cpu = 00:00:00 ; elapsed = 00:00:08 . Memory (MB): peak = 3388.512 ; gain = 0.000
close_sim
INFO: [Simtcl 6-16] Simulation closed
exit
INFO: [Common 17-206] Exiting Vivado at Mon Feb 27 17:31:30 2023...
