#-----------------------------------------------------------
# Vivado v2018.3 (64-bit)
# SW Build 2405991 on Thu Dec  6 23:38:27 MST 2018
# IP Build 2404404 on Fri Dec  7 01:43:56 MST 2018
# Start of session at: Wed Mar  1 18:05:54 2023
# Process ID: 25360
# Current directory: F:/arch/exp4/Exp4
# Command line: vivado.exe -gui_launcher_event rodinguilauncherevent29132 F:\arch\exp4\Exp4\Exp4.xpr
# Log file: F:/arch/exp4/Exp4/vivado.log
# Journal file: F:/arch/exp4/Exp4\vivado.jou
#-----------------------------------------------------------
start_gui
open_project F:/arch/exp4/Exp4/Exp4.xpr
Scanning sources...
Finished scanning sources
INFO: [IP_Flow 19-234] Refreshing IP repositories
INFO: [IP_Flow 19-1704] No user IP repositories specified
INFO: [IP_Flow 19-2313] Loaded Vivado IP repository 'E:/vivado/Vivado/2018.3/data/ip'.
open_project: Time (s): cpu = 00:00:15 ; elapsed = 00:00:07 . Memory (MB): peak = 799.934 ; gain = 172.949
update_compile_order -fileset sources_1
exit
INFO: [Common 17-206] Exiting Vivado at Wed Mar  1 18:13:24 2023...
